<?xml version="1.0" encoding="UTF-8"?>
<!-- Generated by org.testng.reporters.JUnitXMLReporter -->
<testsuite ignored="0" hostname="DESKTOP-OP234B8" failures="0" tests="3" name="createlead" time="62.187" errors="0" timestamp="2024-04-11T11:18:27 EDT">
  <testcase classname="week5.day1.CreateLead" name="runCreateLead" time="9.593"/>
  <testcase classname="week5.day1.CreateLead" name="runCreateLead" time="7.803"/>
  <testcase classname="week5.day1.CreateLead" name="runCreateLead" time="7.639"/>
</testsuite> <!-- createlead -->
